<?xml version="1.0" encoding="UTF-8"?>
<testsuite xmlns:xsi="http://www.w3.org/2001/XMLSchema-instance" xsi:noNamespaceSchemaLocation="https://maven.apache.org/surefire/maven-surefire-plugin/xsd/surefire-test-report.xsd" name="com.gene.bioinfo.ms.gp2s.web.GridTypeRestControllerTest" time="0.382" tests="10" errors="0" skipped="0" failures="0">
  <properties>
[...]
</properties>
  <testcase name="createGridType" classname="com.gene.bioinfo.ms.gp2s.web.GridTypeRestControllerTest" time="0.038"/>
  <testcase name="entityBySlugNotFound" classname="com.gene.bioinfo.ms.gp2s.web.GridTypeRestControllerTest" time="0.038"/>
  <testcase name="entityByIdNotFound" classname="com.gene.bioinfo.ms.gp2s.web.GridTypeRestControllerTest" time="0.037"/>
  <testcase name="deleteEntityBySlug" classname="com.gene.bioinfo.ms.gp2s.web.GridTypeRestControllerTest" time="0.043"/>
  <testcase name="updateEntityBySlug" classname="com.gene.bioinfo.ms.gp2s.web.GridTypeRestControllerTest" time="0.031"/>
  <testcase name="readEntities" classname="com.gene.bioinfo.ms.gp2s.web.GridTypeRestControllerTest" time="0.027"/>
  <testcase name="deleteEntityById" classname="com.gene.bioinfo.ms.gp2s.web.GridTypeRestControllerTest" time="0.039"/>
  <testcase name="updateEntityById" classname="com.gene.bioinfo.ms.gp2s.web.GridTypeRestControllerTest" time="0.044"/>
  <testcase name="readSingleEntityBySlug" classname="com.gene.bioinfo.ms.gp2s.web.GridTypeRestControllerTest" time="0.032"/>
  <testcase name="readSingleEntityById" classname="com.gene.bioinfo.ms.gp2s.web.GridTypeRestControllerTest" time="0.022"/>
</testsuite>